{"/Users/jtobin/projects/urbit/keygen-js/src/index.js": {"path":"/Users/jtobin/projects/urbit/keygen-js/src/index.js","statementMap":{"0":{"start":{"line":1,"column":15},"end":{"line":1,"column":46}},"1":{"start":{"line":2,"column":15},"end":{"line":2,"column":37}},"2":{"start":{"line":3,"column":13},"end":{"line":3,"column":33}},"3":{"start":{"line":4,"column":14},"end":{"line":4,"column":30}},"4":{"start":{"line":5,"column":16},"end":{"line":5,"column":37}},"5":{"start":{"line":12,"column":19},"end":{"line":12,"column":42}},"6":{"start":{"line":12,"column":26},"end":{"line":12,"column":42}},"7":{"start":{"line":21,"column":21},"end":{"line":21,"column":46}},"8":{"start":{"line":21,"column":28},"end":{"line":21,"column":46}},"9":{"start":{"line":30,"column":16},"end":{"line":30,"column":36}},"10":{"start":{"line":30,"column":23},"end":{"line":30,"column":36}},"11":{"start":{"line":40,"column":18},"end":{"line":40,"column":50}},"12":{"start":{"line":40,"column":28},"end":{"line":40,"column":50}},"13":{"start":{"line":52,"column":12},"end":{"line":56,"column":1}},"14":{"start":{"line":53,"column":2},"end":{"line":53,"column":31}},"15":{"start":{"line":53,"column":22},"end":{"line":53,"column":31}},"16":{"start":{"line":54,"column":12},"end":{"line":54,"column":16}},"17":{"start":{"line":55,"column":2},"end":{"line":55,"column":32}},"18":{"start":{"line":65,"column":20},"end":{"line":65,"column":49}},"19":{"start":{"line":65,"column":25},"end":{"line":65,"column":49}},"20":{"start":{"line":74,"column":17},"end":{"line":74,"column":58}},"21":{"start":{"line":74,"column":22},"end":{"line":74,"column":58}},"22":{"start":{"line":83,"column":16},"end":{"line":87,"column":1}},"23":{"start":{"line":84,"column":2},"end":{"line":86,"column":14}},"24":{"start":{"line":85,"column":14},"end":{"line":85,"column":45}},"25":{"start":{"line":96,"column":13},"end":{"line":101,"column":1}},"26":{"start":{"line":98,"column":17},"end":{"line":98,"column":59}},"27":{"start":{"line":98,"column":44},"end":{"line":98,"column":57}},"28":{"start":{"line":100,"column":2},"end":{"line":100,"column":59}},"29":{"start":{"line":112,"column":16},"end":{"line":121,"column":2}},"30":{"start":{"line":112,"column":39},"end":{"line":121,"column":2}},"31":{"start":{"line":136,"column":26},"end":{"line":146,"column":1}},"32":{"start":{"line":137,"column":51},"end":{"line":137,"column":57}},"33":{"start":{"line":139,"column":15},"end":{"line":141,"column":27}},"34":{"start":{"line":143,"column":20},"end":{"line":143,"column":67}},"35":{"start":{"line":145,"column":2},"end":{"line":145,"column":60}},"36":{"start":{"line":161,"column":26},"end":{"line":176,"column":1}},"37":{"start":{"line":162,"column":51},"end":{"line":162,"column":57}},"38":{"start":{"line":163,"column":20},"end":{"line":163,"column":83}},"39":{"start":{"line":164,"column":26},"end":{"line":164,"column":44}},"40":{"start":{"line":165,"column":2},"end":{"line":175,"column":4}},"41":{"start":{"line":188,"column":23},"end":{"line":198,"column":1}},"42":{"start":{"line":191,"column":19},"end":{"line":191,"column":60}},"43":{"start":{"line":192,"column":47},"end":{"line":192,"column":83}},"44":{"start":{"line":193,"column":2},"end":{"line":197,"column":4}},"45":{"start":{"line":207,"column":17},"end":{"line":211,"column":1}},"46":{"start":{"line":208,"column":16},"end":{"line":208,"column":18}},"47":{"start":{"line":209,"column":2},"end":{"line":209,"column":65}},"48":{"start":{"line":210,"column":2},"end":{"line":210,"column":16}},"49":{"start":{"line":221,"column":26},"end":{"line":240,"column":1}},"50":{"start":{"line":222,"column":12},"end":{"line":222,"column":52}},"51":{"start":{"line":224,"column":12},"end":{"line":224,"column":23}},"52":{"start":{"line":225,"column":12},"end":{"line":225,"column":26}},"53":{"start":{"line":227,"column":16},"end":{"line":227,"column":57}},"54":{"start":{"line":228,"column":15},"end":{"line":228,"column":56}},"55":{"start":{"line":230,"column":2},"end":{"line":239,"column":4}},"56":{"start":{"line":256,"column":14},"end":{"line":260,"column":1}},"57":{"start":{"line":257,"column":18},"end":{"line":257,"column":76}},"58":{"start":{"line":258,"column":2},"end":{"line":258,"column":30}},"59":{"start":{"line":259,"column":2},"end":{"line":259,"column":16}},"60":{"start":{"line":274,"column":29},"end":{"line":278,"column":1}},"61":{"start":{"line":275,"column":65},"end":{"line":275,"column":71}},"62":{"start":{"line":276,"column":15},"end":{"line":276,"column":51}},"63":{"start":{"line":277,"column":2},"end":{"line":277,"column":80}},"64":{"start":{"line":291,"column":27},"end":{"line":375,"column":1}},"65":{"start":{"line":292,"column":58},"end":{"line":292,"column":64}},"66":{"start":{"line":295,"column":21},"end":{"line":301,"column":3}},"67":{"start":{"line":303,"column":24},"end":{"line":306,"column":3}},"68":{"start":{"line":308,"column":25},"end":{"line":314,"column":4}},"69":{"start":{"line":316,"column":23},"end":{"line":322,"column":4}},"70":{"start":{"line":324,"column":24},"end":{"line":330,"column":6}},"71":{"start":{"line":324,"column":60},"end":{"line":330,"column":4}},"72":{"start":{"line":332,"column":21},"end":{"line":338,"column":6}},"73":{"start":{"line":332,"column":57},"end":{"line":338,"column":4}},"74":{"start":{"line":341,"column":21},"end":{"line":341,"column":23}},"75":{"start":{"line":342,"column":21},"end":{"line":342,"column":23}},"76":{"start":{"line":344,"column":2},"end":{"line":363,"column":3}},"77":{"start":{"line":346,"column":4},"end":{"line":352,"column":9}},"78":{"start":{"line":346,"column":55},"end":{"line":352,"column":6}},"79":{"start":{"line":354,"column":4},"end":{"line":362,"column":9}},"80":{"start":{"line":354,"column":72},"end":{"line":362,"column":5}},"81":{"start":{"line":365,"column":17},"end":{"line":372,"column":3}},"82":{"start":{"line":374,"column":2},"end":{"line":374,"column":16}},"83":{"start":{"line":377,"column":17},"end":{"line":377,"column":24}},"84":{"start":{"line":378,"column":14},"end":{"line":378,"column":18}},"85":{"start":{"line":379,"column":16},"end":{"line":379,"column":22}},"86":{"start":{"line":380,"column":19},"end":{"line":380,"column":28}},"87":{"start":{"line":381,"column":13},"end":{"line":381,"column":16}},"88":{"start":{"line":382,"column":17},"end":{"line":382,"column":32}},"89":{"start":{"line":384,"column":0},"end":{"line":399,"column":1}}},"fnMap":{"0":{"name":"(anonymous_0)","decl":{"start":{"line":12,"column":19},"end":{"line":12,"column":20}},"loc":{"start":{"line":12,"column":26},"end":{"line":12,"column":42}},"line":12},"1":{"name":"(anonymous_1)","decl":{"start":{"line":21,"column":21},"end":{"line":21,"column":22}},"loc":{"start":{"line":21,"column":28},"end":{"line":21,"column":46}},"line":21},"2":{"name":"(anonymous_2)","decl":{"start":{"line":30,"column":16},"end":{"line":30,"column":17}},"loc":{"start":{"line":30,"column":23},"end":{"line":30,"column":36}},"line":30},"3":{"name":"(anonymous_3)","decl":{"start":{"line":40,"column":18},"end":{"line":40,"column":19}},"loc":{"start":{"line":40,"column":28},"end":{"line":40,"column":50}},"line":40},"4":{"name":"(anonymous_4)","decl":{"start":{"line":52,"column":12},"end":{"line":52,"column":13}},"loc":{"start":{"line":52,"column":25},"end":{"line":56,"column":1}},"line":52},"5":{"name":"(anonymous_5)","decl":{"start":{"line":65,"column":20},"end":{"line":65,"column":21}},"loc":{"start":{"line":65,"column":25},"end":{"line":65,"column":49}},"line":65},"6":{"name":"(anonymous_6)","decl":{"start":{"line":74,"column":17},"end":{"line":74,"column":18}},"loc":{"start":{"line":74,"column":22},"end":{"line":74,"column":58}},"line":74},"7":{"name":"(anonymous_7)","decl":{"start":{"line":83,"column":16},"end":{"line":83,"column":17}},"loc":{"start":{"line":83,"column":26},"end":{"line":87,"column":1}},"line":83},"8":{"name":"(anonymous_8)","decl":{"start":{"line":85,"column":9},"end":{"line":85,"column":10}},"loc":{"start":{"line":85,"column":14},"end":{"line":85,"column":45}},"line":85},"9":{"name":"(anonymous_9)","decl":{"start":{"line":96,"column":13},"end":{"line":96,"column":14}},"loc":{"start":{"line":96,"column":32},"end":{"line":101,"column":1}},"line":96},"10":{"name":"(anonymous_10)","decl":{"start":{"line":98,"column":39},"end":{"line":98,"column":40}},"loc":{"start":{"line":98,"column":44},"end":{"line":98,"column":57}},"line":98},"11":{"name":"(anonymous_11)","decl":{"start":{"line":112,"column":16},"end":{"line":112,"column":17}},"loc":{"start":{"line":112,"column":39},"end":{"line":121,"column":2}},"line":112},"12":{"name":"(anonymous_12)","decl":{"start":{"line":136,"column":26},"end":{"line":136,"column":27}},"loc":{"start":{"line":136,"column":42},"end":{"line":146,"column":1}},"line":136},"13":{"name":"(anonymous_13)","decl":{"start":{"line":161,"column":26},"end":{"line":161,"column":27}},"loc":{"start":{"line":161,"column":42},"end":{"line":176,"column":1}},"line":161},"14":{"name":"(anonymous_14)","decl":{"start":{"line":188,"column":23},"end":{"line":188,"column":24}},"loc":{"start":{"line":188,"column":49},"end":{"line":198,"column":1}},"line":188},"15":{"name":"(anonymous_15)","decl":{"start":{"line":207,"column":17},"end":{"line":207,"column":18}},"loc":{"start":{"line":207,"column":25},"end":{"line":211,"column":1}},"line":207},"16":{"name":"(anonymous_16)","decl":{"start":{"line":221,"column":26},"end":{"line":221,"column":27}},"loc":{"start":{"line":221,"column":46},"end":{"line":240,"column":1}},"line":221},"17":{"name":"(anonymous_17)","decl":{"start":{"line":256,"column":14},"end":{"line":256,"column":15}},"loc":{"start":{"line":256,"column":52},"end":{"line":260,"column":1}},"line":256},"18":{"name":"(anonymous_18)","decl":{"start":{"line":274,"column":29},"end":{"line":274,"column":30}},"loc":{"start":{"line":274,"column":45},"end":{"line":278,"column":1}},"line":274},"19":{"name":"(anonymous_19)","decl":{"start":{"line":291,"column":27},"end":{"line":291,"column":28}},"loc":{"start":{"line":291,"column":43},"end":{"line":375,"column":1}},"line":291},"20":{"name":"(anonymous_20)","decl":{"start":{"line":324,"column":52},"end":{"line":324,"column":53}},"loc":{"start":{"line":324,"column":60},"end":{"line":330,"column":4}},"line":324},"21":{"name":"(anonymous_21)","decl":{"start":{"line":332,"column":49},"end":{"line":332,"column":50}},"loc":{"start":{"line":332,"column":57},"end":{"line":338,"column":4}},"line":332},"22":{"name":"(anonymous_22)","decl":{"start":{"line":346,"column":47},"end":{"line":346,"column":48}},"loc":{"start":{"line":346,"column":55},"end":{"line":352,"column":6}},"line":346},"23":{"name":"(anonymous_23)","decl":{"start":{"line":354,"column":54},"end":{"line":354,"column":55}},"loc":{"start":{"line":354,"column":72},"end":{"line":362,"column":5}},"line":354}},"branchMap":{"0":{"loc":{"start":{"line":40,"column":28},"end":{"line":40,"column":50}},"type":"cond-expr","locations":[{"start":{"line":40,"column":45},"end":{"line":40,"column":46}},{"start":{"line":40,"column":49},"end":{"line":40,"column":50}}],"line":40},"1":{"loc":{"start":{"line":53,"column":2},"end":{"line":53,"column":31}},"type":"if","locations":[{"start":{"line":53,"column":2},"end":{"line":53,"column":31}},{"start":{"line":53,"column":2},"end":{"line":53,"column":31}}],"line":53},"2":{"loc":{"start":{"line":55,"column":9},"end":{"line":55,"column":31}},"type":"cond-expr","locations":[{"start":{"line":55,"column":26},"end":{"line":55,"column":27}},{"start":{"line":55,"column":30},"end":{"line":55,"column":31}}],"line":55},"3":{"loc":{"start":{"line":74,"column":22},"end":{"line":74,"column":58}},"type":"binary-expr","locations":[{"start":{"line":74,"column":22},"end":{"line":74,"column":43}},{"start":{"line":74,"column":47},"end":{"line":74,"column":58}}],"line":74},"4":{"loc":{"start":{"line":139,"column":15},"end":{"line":141,"column":27}},"type":"cond-expr","locations":[{"start":{"line":140,"column":6},"end":{"line":140,"column":35}},{"start":{"line":141,"column":6},"end":{"line":141,"column":27}}],"line":139},"5":{"loc":{"start":{"line":145,"column":28},"end":{"line":145,"column":58}},"type":"binary-expr","locations":[{"start":{"line":145,"column":28},"end":{"line":145,"column":39}},{"start":{"line":145,"column":43},"end":{"line":145,"column":58}}],"line":145},"6":{"loc":{"start":{"line":169,"column":12},"end":{"line":171,"column":14}},"type":"cond-expr","locations":[{"start":{"line":170,"column":10},"end":{"line":170,"column":14}},{"start":{"line":171,"column":10},"end":{"line":171,"column":14}}],"line":169},"7":{"loc":{"start":{"line":344,"column":2},"end":{"line":363,"column":3}},"type":"if","locations":[{"start":{"line":344,"column":2},"end":{"line":363,"column":3}},{"start":{"line":344,"column":2},"end":{"line":363,"column":3}}],"line":344}},"s":{"0":1,"1":1,"2":1,"3":1,"4":1,"5":1,"6":129,"7":1,"8":43,"9":1,"10":12,"11":1,"12":55,"13":1,"14":15,"15":0,"16":15,"17":15,"18":1,"19":99,"20":1,"21":20,"22":1,"23":94,"24":2532,"25":1,"26":40,"27":100,"28":40,"29":1,"30":1,"31":1,"32":20,"33":20,"34":20,"35":20,"36":1,"37":14,"38":14,"39":14,"40":14,"41":1,"42":20,"43":20,"44":20,"45":1,"46":3,"47":3,"48":3,"49":1,"50":3,"51":3,"52":3,"53":3,"54":3,"55":3,"56":1,"57":1,"58":1,"59":1,"60":1,"61":0,"62":0,"63":0,"64":1,"65":3,"66":3,"67":3,"68":3,"69":3,"70":3,"71":3,"72":3,"73":3,"74":3,"75":3,"76":3,"77":1,"78":1,"79":1,"80":1,"81":3,"82":3,"83":1,"84":1,"85":1,"86":1,"87":1,"88":1,"89":1},"f":{"0":129,"1":43,"2":12,"3":55,"4":15,"5":99,"6":20,"7":94,"8":2532,"9":40,"10":100,"11":1,"12":20,"13":14,"14":20,"15":3,"16":3,"17":1,"18":0,"19":3,"20":3,"21":3,"22":1,"23":1},"b":{"0":[6,49],"1":[0,15],"2":[15,0],"3":[20,11],"4":[11,9],"5":[20,0],"6":[13,1],"7":[1,2]},"_coverageSchema":"332fd63041d2c1bcb487cc26dd0d5f7d97098a6c","hash":"8aaa15699a215c5aac738307bbbcee09c3bc4eb1"}
}
