{"/Users/gavinatkinson/Tlon/keygen-js/src/index.js": {"path":"/Users/gavinatkinson/Tlon/keygen-js/src/index.js","statementMap":{"0":{"start":{"line":1,"column":15},"end":{"line":1,"column":46}},"1":{"start":{"line":2,"column":15},"end":{"line":2,"column":37}},"2":{"start":{"line":3,"column":13},"end":{"line":3,"column":33}},"3":{"start":{"line":4,"column":14},"end":{"line":4,"column":30}},"4":{"start":{"line":5,"column":16},"end":{"line":5,"column":37}},"5":{"start":{"line":6,"column":18},"end":{"line":6,"column":45}},"6":{"start":{"line":13,"column":19},"end":{"line":13,"column":42}},"7":{"start":{"line":13,"column":26},"end":{"line":13,"column":42}},"8":{"start":{"line":22,"column":21},"end":{"line":22,"column":46}},"9":{"start":{"line":22,"column":28},"end":{"line":22,"column":46}},"10":{"start":{"line":31,"column":16},"end":{"line":31,"column":36}},"11":{"start":{"line":31,"column":23},"end":{"line":31,"column":36}},"12":{"start":{"line":41,"column":18},"end":{"line":41,"column":50}},"13":{"start":{"line":41,"column":28},"end":{"line":41,"column":50}},"14":{"start":{"line":53,"column":12},"end":{"line":57,"column":1}},"15":{"start":{"line":54,"column":2},"end":{"line":54,"column":31}},"16":{"start":{"line":54,"column":22},"end":{"line":54,"column":31}},"17":{"start":{"line":55,"column":12},"end":{"line":55,"column":16}},"18":{"start":{"line":56,"column":2},"end":{"line":56,"column":32}},"19":{"start":{"line":66,"column":20},"end":{"line":66,"column":49}},"20":{"start":{"line":66,"column":25},"end":{"line":66,"column":49}},"21":{"start":{"line":75,"column":17},"end":{"line":75,"column":58}},"22":{"start":{"line":75,"column":22},"end":{"line":75,"column":58}},"23":{"start":{"line":84,"column":16},"end":{"line":88,"column":1}},"24":{"start":{"line":85,"column":2},"end":{"line":87,"column":14}},"25":{"start":{"line":86,"column":14},"end":{"line":86,"column":45}},"26":{"start":{"line":97,"column":13},"end":{"line":102,"column":1}},"27":{"start":{"line":99,"column":17},"end":{"line":99,"column":59}},"28":{"start":{"line":99,"column":44},"end":{"line":99,"column":57}},"29":{"start":{"line":101,"column":2},"end":{"line":101,"column":59}},"30":{"start":{"line":113,"column":16},"end":{"line":122,"column":2}},"31":{"start":{"line":113,"column":39},"end":{"line":122,"column":2}},"32":{"start":{"line":137,"column":26},"end":{"line":147,"column":1}},"33":{"start":{"line":138,"column":51},"end":{"line":138,"column":57}},"34":{"start":{"line":140,"column":15},"end":{"line":142,"column":27}},"35":{"start":{"line":144,"column":20},"end":{"line":144,"column":67}},"36":{"start":{"line":146,"column":2},"end":{"line":146,"column":60}},"37":{"start":{"line":162,"column":26},"end":{"line":177,"column":1}},"38":{"start":{"line":163,"column":51},"end":{"line":163,"column":57}},"39":{"start":{"line":164,"column":20},"end":{"line":164,"column":83}},"40":{"start":{"line":165,"column":26},"end":{"line":165,"column":44}},"41":{"start":{"line":166,"column":2},"end":{"line":176,"column":4}},"42":{"start":{"line":189,"column":23},"end":{"line":199,"column":1}},"43":{"start":{"line":192,"column":19},"end":{"line":192,"column":60}},"44":{"start":{"line":193,"column":47},"end":{"line":193,"column":83}},"45":{"start":{"line":194,"column":2},"end":{"line":198,"column":4}},"46":{"start":{"line":208,"column":17},"end":{"line":212,"column":1}},"47":{"start":{"line":209,"column":16},"end":{"line":209,"column":18}},"48":{"start":{"line":210,"column":2},"end":{"line":210,"column":65}},"49":{"start":{"line":211,"column":2},"end":{"line":211,"column":16}},"50":{"start":{"line":222,"column":26},"end":{"line":241,"column":1}},"51":{"start":{"line":223,"column":12},"end":{"line":223,"column":52}},"52":{"start":{"line":225,"column":12},"end":{"line":225,"column":23}},"53":{"start":{"line":226,"column":12},"end":{"line":226,"column":26}},"54":{"start":{"line":228,"column":16},"end":{"line":228,"column":57}},"55":{"start":{"line":229,"column":15},"end":{"line":229,"column":56}},"56":{"start":{"line":231,"column":2},"end":{"line":240,"column":4}},"57":{"start":{"line":256,"column":14},"end":{"line":261,"column":1}},"58":{"start":{"line":257,"column":21},"end":{"line":257,"column":38}},"59":{"start":{"line":258,"column":18},"end":{"line":258,"column":80}},"60":{"start":{"line":259,"column":2},"end":{"line":259,"column":34}},"61":{"start":{"line":260,"column":2},"end":{"line":260,"column":20}},"62":{"start":{"line":275,"column":29},"end":{"line":279,"column":1}},"63":{"start":{"line":276,"column":65},"end":{"line":276,"column":71}},"64":{"start":{"line":277,"column":15},"end":{"line":277,"column":51}},"65":{"start":{"line":278,"column":2},"end":{"line":278,"column":80}},"66":{"start":{"line":292,"column":27},"end":{"line":376,"column":1}},"67":{"start":{"line":293,"column":58},"end":{"line":293,"column":64}},"68":{"start":{"line":296,"column":21},"end":{"line":302,"column":3}},"69":{"start":{"line":304,"column":24},"end":{"line":307,"column":3}},"70":{"start":{"line":309,"column":25},"end":{"line":315,"column":4}},"71":{"start":{"line":317,"column":23},"end":{"line":323,"column":4}},"72":{"start":{"line":325,"column":24},"end":{"line":331,"column":6}},"73":{"start":{"line":325,"column":60},"end":{"line":331,"column":4}},"74":{"start":{"line":333,"column":21},"end":{"line":339,"column":6}},"75":{"start":{"line":333,"column":57},"end":{"line":339,"column":4}},"76":{"start":{"line":342,"column":21},"end":{"line":342,"column":23}},"77":{"start":{"line":343,"column":21},"end":{"line":343,"column":23}},"78":{"start":{"line":345,"column":2},"end":{"line":364,"column":3}},"79":{"start":{"line":347,"column":4},"end":{"line":353,"column":9}},"80":{"start":{"line":347,"column":55},"end":{"line":353,"column":6}},"81":{"start":{"line":355,"column":4},"end":{"line":363,"column":9}},"82":{"start":{"line":355,"column":72},"end":{"line":363,"column":5}},"83":{"start":{"line":366,"column":17},"end":{"line":373,"column":3}},"84":{"start":{"line":375,"column":2},"end":{"line":375,"column":16}},"85":{"start":{"line":378,"column":17},"end":{"line":378,"column":24}},"86":{"start":{"line":379,"column":14},"end":{"line":379,"column":18}},"87":{"start":{"line":380,"column":16},"end":{"line":380,"column":22}},"88":{"start":{"line":381,"column":19},"end":{"line":381,"column":28}},"89":{"start":{"line":382,"column":13},"end":{"line":382,"column":16}},"90":{"start":{"line":383,"column":17},"end":{"line":383,"column":32}},"91":{"start":{"line":385,"column":0},"end":{"line":400,"column":1}}},"fnMap":{"0":{"name":"(anonymous_0)","decl":{"start":{"line":13,"column":19},"end":{"line":13,"column":20}},"loc":{"start":{"line":13,"column":26},"end":{"line":13,"column":42}},"line":13},"1":{"name":"(anonymous_1)","decl":{"start":{"line":22,"column":21},"end":{"line":22,"column":22}},"loc":{"start":{"line":22,"column":28},"end":{"line":22,"column":46}},"line":22},"2":{"name":"(anonymous_2)","decl":{"start":{"line":31,"column":16},"end":{"line":31,"column":17}},"loc":{"start":{"line":31,"column":23},"end":{"line":31,"column":36}},"line":31},"3":{"name":"(anonymous_3)","decl":{"start":{"line":41,"column":18},"end":{"line":41,"column":19}},"loc":{"start":{"line":41,"column":28},"end":{"line":41,"column":50}},"line":41},"4":{"name":"(anonymous_4)","decl":{"start":{"line":53,"column":12},"end":{"line":53,"column":13}},"loc":{"start":{"line":53,"column":25},"end":{"line":57,"column":1}},"line":53},"5":{"name":"(anonymous_5)","decl":{"start":{"line":66,"column":20},"end":{"line":66,"column":21}},"loc":{"start":{"line":66,"column":25},"end":{"line":66,"column":49}},"line":66},"6":{"name":"(anonymous_6)","decl":{"start":{"line":75,"column":17},"end":{"line":75,"column":18}},"loc":{"start":{"line":75,"column":22},"end":{"line":75,"column":58}},"line":75},"7":{"name":"(anonymous_7)","decl":{"start":{"line":84,"column":16},"end":{"line":84,"column":17}},"loc":{"start":{"line":84,"column":26},"end":{"line":88,"column":1}},"line":84},"8":{"name":"(anonymous_8)","decl":{"start":{"line":86,"column":9},"end":{"line":86,"column":10}},"loc":{"start":{"line":86,"column":14},"end":{"line":86,"column":45}},"line":86},"9":{"name":"(anonymous_9)","decl":{"start":{"line":97,"column":13},"end":{"line":97,"column":14}},"loc":{"start":{"line":97,"column":32},"end":{"line":102,"column":1}},"line":97},"10":{"name":"(anonymous_10)","decl":{"start":{"line":99,"column":39},"end":{"line":99,"column":40}},"loc":{"start":{"line":99,"column":44},"end":{"line":99,"column":57}},"line":99},"11":{"name":"(anonymous_11)","decl":{"start":{"line":113,"column":16},"end":{"line":113,"column":17}},"loc":{"start":{"line":113,"column":39},"end":{"line":122,"column":2}},"line":113},"12":{"name":"(anonymous_12)","decl":{"start":{"line":137,"column":26},"end":{"line":137,"column":27}},"loc":{"start":{"line":137,"column":42},"end":{"line":147,"column":1}},"line":137},"13":{"name":"(anonymous_13)","decl":{"start":{"line":162,"column":26},"end":{"line":162,"column":27}},"loc":{"start":{"line":162,"column":42},"end":{"line":177,"column":1}},"line":162},"14":{"name":"(anonymous_14)","decl":{"start":{"line":189,"column":23},"end":{"line":189,"column":24}},"loc":{"start":{"line":189,"column":49},"end":{"line":199,"column":1}},"line":189},"15":{"name":"(anonymous_15)","decl":{"start":{"line":208,"column":17},"end":{"line":208,"column":18}},"loc":{"start":{"line":208,"column":25},"end":{"line":212,"column":1}},"line":208},"16":{"name":"(anonymous_16)","decl":{"start":{"line":222,"column":26},"end":{"line":222,"column":27}},"loc":{"start":{"line":222,"column":46},"end":{"line":241,"column":1}},"line":222},"17":{"name":"(anonymous_17)","decl":{"start":{"line":256,"column":14},"end":{"line":256,"column":15}},"loc":{"start":{"line":256,"column":52},"end":{"line":261,"column":1}},"line":256},"18":{"name":"(anonymous_18)","decl":{"start":{"line":275,"column":29},"end":{"line":275,"column":30}},"loc":{"start":{"line":275,"column":45},"end":{"line":279,"column":1}},"line":275},"19":{"name":"(anonymous_19)","decl":{"start":{"line":292,"column":27},"end":{"line":292,"column":28}},"loc":{"start":{"line":292,"column":43},"end":{"line":376,"column":1}},"line":292},"20":{"name":"(anonymous_20)","decl":{"start":{"line":325,"column":52},"end":{"line":325,"column":53}},"loc":{"start":{"line":325,"column":60},"end":{"line":331,"column":4}},"line":325},"21":{"name":"(anonymous_21)","decl":{"start":{"line":333,"column":49},"end":{"line":333,"column":50}},"loc":{"start":{"line":333,"column":57},"end":{"line":339,"column":4}},"line":333},"22":{"name":"(anonymous_22)","decl":{"start":{"line":347,"column":47},"end":{"line":347,"column":48}},"loc":{"start":{"line":347,"column":55},"end":{"line":353,"column":6}},"line":347},"23":{"name":"(anonymous_23)","decl":{"start":{"line":355,"column":54},"end":{"line":355,"column":55}},"loc":{"start":{"line":355,"column":72},"end":{"line":363,"column":5}},"line":355}},"branchMap":{"0":{"loc":{"start":{"line":41,"column":28},"end":{"line":41,"column":50}},"type":"cond-expr","locations":[{"start":{"line":41,"column":45},"end":{"line":41,"column":46}},{"start":{"line":41,"column":49},"end":{"line":41,"column":50}}],"line":41},"1":{"loc":{"start":{"line":54,"column":2},"end":{"line":54,"column":31}},"type":"if","locations":[{"start":{"line":54,"column":2},"end":{"line":54,"column":31}},{"start":{"line":54,"column":2},"end":{"line":54,"column":31}}],"line":54},"2":{"loc":{"start":{"line":56,"column":9},"end":{"line":56,"column":31}},"type":"cond-expr","locations":[{"start":{"line":56,"column":26},"end":{"line":56,"column":27}},{"start":{"line":56,"column":30},"end":{"line":56,"column":31}}],"line":56},"3":{"loc":{"start":{"line":75,"column":22},"end":{"line":75,"column":58}},"type":"binary-expr","locations":[{"start":{"line":75,"column":22},"end":{"line":75,"column":43}},{"start":{"line":75,"column":47},"end":{"line":75,"column":58}}],"line":75},"4":{"loc":{"start":{"line":140,"column":15},"end":{"line":142,"column":27}},"type":"cond-expr","locations":[{"start":{"line":141,"column":6},"end":{"line":141,"column":35}},{"start":{"line":142,"column":6},"end":{"line":142,"column":27}}],"line":140},"5":{"loc":{"start":{"line":146,"column":28},"end":{"line":146,"column":58}},"type":"binary-expr","locations":[{"start":{"line":146,"column":28},"end":{"line":146,"column":39}},{"start":{"line":146,"column":43},"end":{"line":146,"column":58}}],"line":146},"6":{"loc":{"start":{"line":170,"column":12},"end":{"line":172,"column":14}},"type":"cond-expr","locations":[{"start":{"line":171,"column":10},"end":{"line":171,"column":14}},{"start":{"line":172,"column":10},"end":{"line":172,"column":14}}],"line":170},"7":{"loc":{"start":{"line":345,"column":2},"end":{"line":364,"column":3}},"type":"if","locations":[{"start":{"line":345,"column":2},"end":{"line":364,"column":3}},{"start":{"line":345,"column":2},"end":{"line":364,"column":3}}],"line":345}},"s":{"0":1,"1":1,"2":1,"3":1,"4":1,"5":1,"6":1,"7":129,"8":1,"9":43,"10":1,"11":12,"12":1,"13":55,"14":1,"15":15,"16":0,"17":15,"18":15,"19":1,"20":99,"21":1,"22":20,"23":1,"24":94,"25":2532,"26":1,"27":40,"28":100,"29":40,"30":1,"31":1,"32":1,"33":20,"34":20,"35":20,"36":20,"37":1,"38":14,"39":14,"40":14,"41":14,"42":1,"43":20,"44":20,"45":20,"46":1,"47":3,"48":3,"49":3,"50":1,"51":3,"52":3,"53":3,"54":3,"55":3,"56":3,"57":1,"58":1,"59":1,"60":1,"61":1,"62":1,"63":0,"64":0,"65":0,"66":1,"67":3,"68":3,"69":3,"70":3,"71":3,"72":3,"73":3,"74":3,"75":3,"76":3,"77":3,"78":3,"79":1,"80":1,"81":1,"82":1,"83":3,"84":3,"85":1,"86":1,"87":1,"88":1,"89":1,"90":1,"91":1},"f":{"0":129,"1":43,"2":12,"3":55,"4":15,"5":99,"6":20,"7":94,"8":2532,"9":40,"10":100,"11":1,"12":20,"13":14,"14":20,"15":3,"16":3,"17":1,"18":0,"19":3,"20":3,"21":3,"22":1,"23":1},"b":{"0":[6,49],"1":[0,15],"2":[15,0],"3":[20,11],"4":[11,9],"5":[20,0],"6":[13,1],"7":[1,2]},"_coverageSchema":"332fd63041d2c1bcb487cc26dd0d5f7d97098a6c","hash":"01caa4f82738a1aba3e0fab3794479bce62069de"}
}
