TN:
SF:/Users/gavinatkinson/Tlon/keygen-js/src/index.js
FN:13,(anonymous_0)
FN:22,(anonymous_1)
FN:31,(anonymous_2)
FN:41,(anonymous_3)
FN:53,(anonymous_4)
FN:66,(anonymous_5)
FN:75,(anonymous_6)
FN:84,(anonymous_7)
FN:86,(anonymous_8)
FN:97,(anonymous_9)
FN:99,(anonymous_10)
FN:113,(anonymous_11)
FN:137,(anonymous_12)
FN:162,(anonymous_13)
FN:189,(anonymous_14)
FN:208,(anonymous_15)
FN:222,(anonymous_16)
FN:256,(anonymous_17)
FN:275,(anonymous_18)
FN:292,(anonymous_19)
FN:325,(anonymous_20)
FN:333,(anonymous_21)
FN:347,(anonymous_22)
FN:355,(anonymous_23)
FNF:24
FNH:23
FNDA:129,(anonymous_0)
FNDA:43,(anonymous_1)
FNDA:12,(anonymous_2)
FNDA:55,(anonymous_3)
FNDA:15,(anonymous_4)
FNDA:99,(anonymous_5)
FNDA:20,(anonymous_6)
FNDA:94,(anonymous_7)
FNDA:2532,(anonymous_8)
FNDA:40,(anonymous_9)
FNDA:100,(anonymous_10)
FNDA:1,(anonymous_11)
FNDA:20,(anonymous_12)
FNDA:14,(anonymous_13)
FNDA:20,(anonymous_14)
FNDA:3,(anonymous_15)
FNDA:3,(anonymous_16)
FNDA:1,(anonymous_17)
FNDA:0,(anonymous_18)
FNDA:3,(anonymous_19)
FNDA:3,(anonymous_20)
FNDA:3,(anonymous_21)
FNDA:1,(anonymous_22)
FNDA:1,(anonymous_23)
DA:1,1
DA:2,1
DA:3,1
DA:4,1
DA:5,1
DA:6,1
DA:13,129
DA:22,43
DA:31,12
DA:41,55
DA:53,1
DA:54,15
DA:55,15
DA:56,15
DA:66,99
DA:75,20
DA:84,1
DA:85,94
DA:86,2532
DA:97,1
DA:99,100
DA:101,40
DA:113,1
DA:137,1
DA:138,20
DA:140,20
DA:144,20
DA:146,20
DA:162,1
DA:163,14
DA:164,14
DA:165,14
DA:166,14
DA:189,1
DA:192,20
DA:193,20
DA:194,20
DA:208,1
DA:209,3
DA:210,3
DA:211,3
DA:222,1
DA:223,3
DA:225,3
DA:226,3
DA:228,3
DA:229,3
DA:231,3
DA:256,1
DA:257,1
DA:258,1
DA:259,1
DA:260,1
DA:275,1
DA:276,0
DA:277,0
DA:278,0
DA:292,1
DA:293,3
DA:296,3
DA:304,3
DA:309,3
DA:317,3
DA:325,3
DA:333,3
DA:342,3
DA:343,3
DA:345,3
DA:347,1
DA:355,1
DA:366,3
DA:375,3
DA:378,1
DA:379,1
DA:380,1
DA:381,1
DA:382,1
DA:383,1
DA:385,1
LF:79
LH:76
BRDA:41,0,0,6
BRDA:41,0,1,49
BRDA:54,1,0,0
BRDA:54,1,1,15
BRDA:56,2,0,15
BRDA:56,2,1,0
BRDA:75,3,0,20
BRDA:75,3,1,11
BRDA:140,4,0,11
BRDA:140,4,1,9
BRDA:146,5,0,20
BRDA:146,5,1,0
BRDA:170,6,0,13
BRDA:170,6,1,1
BRDA:345,7,0,1
BRDA:345,7,1,2
BRF:16
BRH:13
end_of_record
