TN:
SF:/Users/gavinatkinson/Tlon/keygen-js/src/index.js
FN:11,(anonymous_0)
FN:20,(anonymous_1)
FN:29,(anonymous_2)
FN:39,(anonymous_3)
FN:51,(anonymous_4)
FN:64,(anonymous_5)
FN:73,(anonymous_6)
FN:82,(anonymous_7)
FN:84,(anonymous_8)
FN:95,(anonymous_9)
FN:97,(anonymous_10)
FN:111,(anonymous_11)
FN:135,(anonymous_12)
FN:160,(anonymous_13)
FN:187,(anonymous_14)
FN:206,(anonymous_15)
FN:220,(anonymous_16)
FN:253,(anonymous_17)
FN:270,(anonymous_18)
FN:303,(anonymous_19)
FN:311,(anonymous_20)
FN:325,(anonymous_21)
FN:333,(anonymous_22)
FNF:23
FNH:22
FNDA:102,(anonymous_0)
FNDA:34,(anonymous_1)
FNDA:12,(anonymous_2)
FNDA:42,(anonymous_3)
FNDA:10,(anonymous_4)
FNDA:72,(anonymous_5)
FNDA:16,(anonymous_6)
FNDA:72,(anonymous_7)
FNDA:1984,(anonymous_8)
FNDA:31,(anonymous_9)
FNDA:78,(anonymous_10)
FNDA:1,(anonymous_11)
FNDA:16,(anonymous_12)
FNDA:10,(anonymous_13)
FNDA:15,(anonymous_14)
FNDA:3,(anonymous_15)
FNDA:3,(anonymous_16)
FNDA:0,(anonymous_17)
FNDA:2,(anonymous_18)
FNDA:2,(anonymous_19)
FNDA:2,(anonymous_20)
FNDA:1,(anonymous_21)
FNDA:1,(anonymous_22)
DA:1,1
DA:2,1
DA:3,1
DA:4,1
DA:11,102
DA:20,34
DA:29,12
DA:39,42
DA:51,1
DA:52,10
DA:53,10
DA:54,10
DA:64,72
DA:73,16
DA:82,1
DA:83,72
DA:84,1984
DA:95,1
DA:97,78
DA:99,31
DA:111,1
DA:135,1
DA:136,16
DA:138,16
DA:142,16
DA:144,16
DA:160,1
DA:161,10
DA:162,10
DA:163,10
DA:164,10
DA:187,1
DA:190,15
DA:191,15
DA:192,15
DA:206,1
DA:207,3
DA:208,3
DA:209,3
DA:220,1
DA:221,3
DA:223,3
DA:224,3
DA:226,3
DA:227,3
DA:229,3
DA:253,1
DA:254,0
DA:255,0
DA:256,0
DA:270,1
DA:271,2
DA:274,2
DA:282,2
DA:287,2
DA:295,2
DA:303,2
DA:311,2
DA:320,2
DA:321,2
DA:323,2
DA:325,1
DA:333,1
DA:344,2
DA:353,2
DA:356,1
DA:357,1
DA:358,1
DA:359,1
DA:360,1
DA:362,1
LF:71
LH:68
BRDA:39,0,0,6
BRDA:39,0,1,36
BRDA:52,1,0,0
BRDA:52,1,1,10
BRDA:54,2,0,10
BRDA:54,2,1,0
BRDA:73,3,0,16
BRDA:73,3,1,9
BRDA:138,4,0,9
BRDA:138,4,1,7
BRDA:144,5,0,16
BRDA:144,5,1,0
BRDA:168,6,0,9
BRDA:168,6,1,1
BRDA:323,7,0,1
BRDA:323,7,1,1
BRF:16
BRH:13
end_of_record
